[ Wed Sep 28 17:40:59 2022 ] Episode:    0/ 6250
[ Wed Sep 28 17:41:56 2022 ] 	Eval_win_tate:0.0
[ Wed Sep 28 17:41:56 2022 ] 	Eval_episode_rewards:7.974337748344367
[ Wed Sep 28 17:46:53 2022 ] Episode:   25/ 6250
[ Wed Sep 28 17:48:21 2022 ] 	Eval_win_tate:0.03125
[ Wed Sep 28 17:48:21 2022 ] 	Eval_episode_rewards:13.061103062913904
[ Wed Sep 28 17:53:52 2022 ] Episode:   50/ 6250
[ Wed Sep 28 17:55:12 2022 ] 	Eval_win_tate:0.125
[ Wed Sep 28 17:55:12 2022 ] 	Eval_episode_rewards:14.217870447019862
[ Wed Sep 28 18:00:43 2022 ] Episode:   75/ 6250
[ Wed Sep 28 18:02:01 2022 ] 	Eval_win_tate:0.03125
[ Wed Sep 28 18:02:01 2022 ] 	Eval_episode_rewards:12.40019660596026
[ Wed Sep 28 18:07:32 2022 ] Episode:  100/ 6250
[ Wed Sep 28 18:08:50 2022 ] 	Eval_win_tate:0.09375
[ Wed Sep 28 18:08:50 2022 ] 	Eval_episode_rewards:13.068294701986751
[ Wed Sep 28 18:14:18 2022 ] Episode:  125/ 6250
[ Wed Sep 28 18:15:44 2022 ] 	Eval_win_tate:0.09375
[ Wed Sep 28 18:15:44 2022 ] 	Eval_episode_rewards:14.284923427152311
[ Wed Sep 28 18:21:14 2022 ] Episode:  150/ 6250
[ Wed Sep 28 18:22:38 2022 ] 	Eval_win_tate:0.15625
[ Wed Sep 28 18:22:38 2022 ] 	Eval_episode_rewards:15.632243377483434
[ Wed Sep 28 18:28:07 2022 ] Episode:  175/ 6250
[ Wed Sep 28 18:29:32 2022 ] 	Eval_win_tate:0.0625
[ Wed Sep 28 18:29:32 2022 ] 	Eval_episode_rewards:14.731425910596016
[ Wed Sep 28 18:34:59 2022 ] Episode:  200/ 6250
[ Wed Sep 28 18:36:08 2022 ] 	Eval_win_tate:0.3125
[ Wed Sep 28 18:36:08 2022 ] 	Eval_episode_rewards:16.196347268211916
[ Wed Sep 28 18:41:30 2022 ] Episode:  225/ 6250
[ Wed Sep 28 18:42:57 2022 ] 	Eval_win_tate:0.125
[ Wed Sep 28 18:42:57 2022 ] 	Eval_episode_rewards:14.688689983443698
[ Wed Sep 28 18:48:17 2022 ] Episode:  250/ 6250
[ Wed Sep 28 18:49:34 2022 ] 	Eval_win_tate:0.21875
[ Wed Sep 28 18:49:34 2022 ] 	Eval_episode_rewards:15.927669701986748
[ Wed Sep 28 18:54:41 2022 ] Episode:  275/ 6250
[ Wed Sep 28 18:55:54 2022 ] 	Eval_win_tate:0.28125
[ Wed Sep 28 18:55:54 2022 ] 	Eval_episode_rewards:16.628104304635755
[ Wed Sep 28 19:01:06 2022 ] Episode:  300/ 6250
[ Wed Sep 28 19:02:17 2022 ] 	Eval_win_tate:0.53125
[ Wed Sep 28 19:02:17 2022 ] 	Eval_episode_rewards:17.441380380794698
[ Wed Sep 28 19:07:41 2022 ] Episode:  325/ 6250
[ Wed Sep 28 19:08:49 2022 ] 	Eval_win_tate:0.65625
[ Wed Sep 28 19:08:49 2022 ] 	Eval_episode_rewards:18.44608857615894
[ Wed Sep 28 19:14:15 2022 ] Episode:  350/ 6250
[ Wed Sep 28 19:15:27 2022 ] 	Eval_win_tate:0.4375
[ Wed Sep 28 19:15:27 2022 ] 	Eval_episode_rewards:17.13322640728476
[ Wed Sep 28 19:20:51 2022 ] Episode:  375/ 6250
[ Wed Sep 28 19:22:08 2022 ] 	Eval_win_tate:0.375
[ Wed Sep 28 19:22:08 2022 ] 	Eval_episode_rewards:17.329521937086085
[ Wed Sep 28 19:27:24 2022 ] Episode:  400/ 6250
[ Wed Sep 28 19:28:32 2022 ] 	Eval_win_tate:0.5
[ Wed Sep 28 19:28:32 2022 ] 	Eval_episode_rewards:17.641194122516556
[ Wed Sep 28 19:35:57 2022 ] Episode:  425/ 6250
[ Wed Sep 28 19:37:07 2022 ] 	Eval_win_tate:0.65625
[ Wed Sep 28 19:37:07 2022 ] 	Eval_episode_rewards:18.572278559602644
[ Wed Sep 28 19:42:21 2022 ] Episode:  450/ 6250
[ Wed Sep 28 19:43:24 2022 ] 	Eval_win_tate:0.875
[ Wed Sep 28 19:43:24 2022 ] 	Eval_episode_rewards:19.421823261589402
[ Wed Sep 28 19:48:49 2022 ] Episode:  475/ 6250
[ Wed Sep 28 19:49:52 2022 ] 	Eval_win_tate:0.78125
[ Wed Sep 28 19:49:52 2022 ] 	Eval_episode_rewards:19.035130380794698
[ Wed Sep 28 19:55:47 2022 ] Episode:  500/ 6250
[ Wed Sep 28 19:56:56 2022 ] 	Eval_win_tate:0.6875
[ Wed Sep 28 19:56:56 2022 ] 	Eval_episode_rewards:18.54568501655629
[ Wed Sep 28 20:02:37 2022 ] Episode:  525/ 6250
[ Wed Sep 28 20:03:40 2022 ] 	Eval_win_tate:0.71875
[ Wed Sep 28 20:03:40 2022 ] 	Eval_episode_rewards:18.747568294701985
[ Wed Sep 28 20:09:07 2022 ] Episode:  550/ 6250
[ Wed Sep 28 20:10:12 2022 ] 	Eval_win_tate:0.6875
[ Wed Sep 28 20:10:12 2022 ] 	Eval_episode_rewards:18.664269453642383
[ Wed Sep 28 20:15:41 2022 ] Episode:  575/ 6250
[ Wed Sep 28 20:16:47 2022 ] 	Eval_win_tate:0.78125
[ Wed Sep 28 20:16:47 2022 ] 	Eval_episode_rewards:19.025144867549663
[ Wed Sep 28 20:22:17 2022 ] Episode:  600/ 6250
[ Wed Sep 28 20:23:19 2022 ] 	Eval_win_tate:0.75
[ Wed Sep 28 20:23:19 2022 ] 	Eval_episode_rewards:18.900403559602648
[ Wed Sep 28 20:28:54 2022 ] Episode:  625/ 6250
[ Wed Sep 28 20:29:58 2022 ] 	Eval_win_tate:0.875
[ Wed Sep 28 20:29:58 2022 ] 	Eval_episode_rewards:19.504139072847682
[ Wed Sep 28 20:35:28 2022 ] Episode:  650/ 6250
[ Wed Sep 28 20:36:31 2022 ] 	Eval_win_tate:0.96875
[ Wed Sep 28 20:36:31 2022 ] 	Eval_episode_rewards:19.863617549668874
[ Wed Sep 28 20:42:40 2022 ] Episode:  675/ 6250
[ Wed Sep 28 20:43:47 2022 ] 	Eval_win_tate:0.9375
[ Wed Sep 28 20:43:47 2022 ] 	Eval_episode_rewards:19.79982408940397
